<?xml version="1.0" encoding="UTF-8"?>
<coverage generated="1571144735906" clover="3.2.0">
  <project timestamp="1571144735906" name="All files">
    <metrics statements="29" coveredstatements="29" conditionals="15" coveredconditionals="15" methods="11" coveredmethods="11" elements="55" coveredelements="55" complexity="0" loc="29" ncloc="29" packages="1" files="2" classes="2"/>
    <file name="strings.js" path="D:\Tushar\BDS-Reloaded\vuetify-validator\validators\strings.js">
      <metrics statements="10" coveredstatements="10" conditionals="9" coveredconditionals="9" methods="4" coveredmethods="4"/>
      <line num="1" count="1" type="stmt"/>
      <line num="2" count="5" type="cond" truecount="2" falsecount="0"/>
      <line num="3" count="4" type="stmt"/>
      <line num="5" count="5" type="stmt"/>
      <line num="6" count="4" type="cond" truecount="2" falsecount="0"/>
      <line num="7" count="3" type="cond" truecount="2" falsecount="0"/>
      <line num="9" count="1" type="stmt"/>
      <line num="14" count="1" type="cond" truecount="1" falsecount="0"/>
      <line num="15" count="4" type="stmt"/>
      <line num="16" count="3" type="cond" truecount="2" falsecount="0"/>
    </file>
    <file name="validator.js" path="D:\Tushar\BDS-Reloaded\vuetify-validator\validators\validator.js">
      <metrics statements="19" coveredstatements="19" conditionals="6" coveredconditionals="6" methods="7" coveredmethods="7"/>
      <line num="8" count="18" type="stmt"/>
      <line num="9" count="18" type="stmt"/>
      <line num="13" count="2" type="cond" truecount="2" falsecount="0"/>
      <line num="14" count="1" type="stmt"/>
      <line num="15" count="1" type="stmt"/>
      <line num="19" count="3" type="stmt"/>
      <line num="20" count="3" type="stmt"/>
      <line num="24" count="3" type="stmt"/>
      <line num="25" count="3" type="stmt"/>
      <line num="29" count="6" type="stmt"/>
      <line num="30" count="5" type="cond" truecount="2" falsecount="0"/>
      <line num="31" count="1" type="stmt"/>
      <line num="33" count="4" type="stmt"/>
      <line num="34" count="4" type="stmt"/>
      <line num="35" count="10" type="stmt"/>
      <line num="36" count="10" type="cond" truecount="2" falsecount="0"/>
      <line num="37" count="2" type="stmt"/>
      <line num="40" count="4" type="stmt"/>
      <line num="46" count="18" type="stmt"/>
    </file>
  </project>
</coverage>
