{"D:\\Tushar\\BDS-Reloaded\\vuetify-validator\\validators\\strings.js": {"path":"D:\\Tushar\\BDS-Reloaded\\vuetify-validator\\validators\\strings.js","statementMap":{"0":{"start":{"line":1,"column":29},"end":{"line":12,"column":1}},"1":{"start":{"line":2,"column":2},"end":{"line":4,"column":3}},"2":{"start":{"line":3,"column":4},"end":{"line":3,"column":62}},"3":{"start":{"line":5,"column":2},"end":{"line":11,"column":3}},"4":{"start":{"line":6,"column":4},"end":{"line":10,"column":5}},"5":{"start":{"line":7,"column":6},"end":{"line":7,"column":51}},"6":{"start":{"line":9,"column":6},"end":{"line":9,"column":30}},"7":{"start":{"line":14,"column":29},"end":{"line":18,"column":1}},"8":{"start":{"line":15,"column":2},"end":{"line":17,"column":3}},"9":{"start":{"line":16,"column":4},"end":{"line":16,"column":52}}},"fnMap":{"0":{"name":"(anonymous_0)","decl":{"start":{"line":1,"column":29},"end":{"line":1,"column":30}},"loc":{"start":{"line":1,"column":55},"end":{"line":12,"column":1}},"line":1},"1":{"name":"(anonymous_1)","decl":{"start":{"line":5,"column":9},"end":{"line":5,"column":10}},"loc":{"start":{"line":5,"column":18},"end":{"line":11,"column":3}},"line":5},"2":{"name":"(anonymous_2)","decl":{"start":{"line":14,"column":29},"end":{"line":14,"column":30}},"loc":{"start":{"line":14,"column":65},"end":{"line":18,"column":1}},"line":14},"3":{"name":"(anonymous_3)","decl":{"start":{"line":15,"column":9},"end":{"line":15,"column":10}},"loc":{"start":{"line":15,"column":18},"end":{"line":17,"column":3}},"line":15}},"branchMap":{"0":{"loc":{"start":{"line":2,"column":2},"end":{"line":4,"column":3}},"type":"if","locations":[{"start":{"line":2,"column":2},"end":{"line":4,"column":3}},{"start":{"line":2,"column":2},"end":{"line":4,"column":3}}],"line":2},"1":{"loc":{"start":{"line":6,"column":4},"end":{"line":10,"column":5}},"type":"if","locations":[{"start":{"line":6,"column":4},"end":{"line":10,"column":5}},{"start":{"line":6,"column":4},"end":{"line":10,"column":5}}],"line":6},"2":{"loc":{"start":{"line":7,"column":13},"end":{"line":7,"column":51}},"type":"binary-expr","locations":[{"start":{"line":7,"column":13},"end":{"line":7,"column":35}},{"start":{"line":7,"column":39},"end":{"line":7,"column":51}}],"line":7},"3":{"loc":{"start":{"line":14,"column":30},"end":{"line":14,"column":60}},"type":"default-arg","locations":[{"start":{"line":14,"column":45},"end":{"line":14,"column":60}}],"line":14},"4":{"loc":{"start":{"line":16,"column":11},"end":{"line":16,"column":52}},"type":"binary-expr","locations":[{"start":{"line":16,"column":11},"end":{"line":16,"column":36}},{"start":{"line":16,"column":40},"end":{"line":16,"column":52}}],"line":16}},"s":{"0":1,"1":5,"2":4,"3":5,"4":4,"5":3,"6":1,"7":1,"8":4,"9":3},"f":{"0":5,"1":4,"2":4,"3":3},"b":{"0":[4,1],"1":[3,1],"2":[3,2],"3":[3],"4":[3,2]},"_coverageSchema":"43e27e138ebf9cfc5966b082cf9a028302ed4184","hash":"094bfdf91037826bfa4e97ed74b3bcab579ef32c"}
,"D:\\Tushar\\BDS-Reloaded\\vuetify-validator\\validators\\validator.js": {"path":"D:\\Tushar\\BDS-Reloaded\\vuetify-validator\\validators\\validator.js","statementMap":{"0":{"start":{"line":8,"column":4},"end":{"line":8,"column":19}},"1":{"start":{"line":9,"column":4},"end":{"line":9,"column":19}},"2":{"start":{"line":13,"column":4},"end":{"line":15,"column":23}},"3":{"start":{"line":14,"column":6},"end":{"line":14,"column":17}},"4":{"start":{"line":15,"column":11},"end":{"line":15,"column":23}},"5":{"start":{"line":19,"column":4},"end":{"line":19,"column":48}},"6":{"start":{"line":20,"column":4},"end":{"line":20,"column":15}},"7":{"start":{"line":24,"column":4},"end":{"line":24,"column":56}},"8":{"start":{"line":25,"column":4},"end":{"line":25,"column":15}},"9":{"start":{"line":29,"column":4},"end":{"line":42,"column":5}},"10":{"start":{"line":30,"column":6},"end":{"line":41,"column":7}},"11":{"start":{"line":31,"column":8},"end":{"line":31,"column":19}},"12":{"start":{"line":33,"column":20},"end":{"line":33,"column":24}},"13":{"start":{"line":34,"column":8},"end":{"line":39,"column":9}},"14":{"start":{"line":34,"column":21},"end":{"line":34,"column":22}},"15":{"start":{"line":35,"column":10},"end":{"line":35,"column":38}},"16":{"start":{"line":36,"column":10},"end":{"line":38,"column":11}},"17":{"start":{"line":37,"column":12},"end":{"line":37,"column":17}},"18":{"start":{"line":40,"column":8},"end":{"line":40,"column":20}},"19":{"start":{"line":46,"column":18},"end":{"line":46,"column":39}},"20":{"start":{"line":46,"column":24},"end":{"line":46,"column":39}}},"fnMap":{"0":{"name":"(anonymous_0)","decl":{"start":{"line":7,"column":2},"end":{"line":7,"column":3}},"loc":{"start":{"line":7,"column":16},"end":{"line":10,"column":3}},"line":7},"1":{"name":"(anonymous_1)","decl":{"start":{"line":12,"column":2},"end":{"line":12,"column":3}},"loc":{"start":{"line":12,"column":13},"end":{"line":16,"column":3}},"line":12},"2":{"name":"(anonymous_2)","decl":{"start":{"line":18,"column":2},"end":{"line":18,"column":3}},"loc":{"start":{"line":18,"column":23},"end":{"line":21,"column":3}},"line":18},"3":{"name":"(anonymous_3)","decl":{"start":{"line":23,"column":2},"end":{"line":23,"column":3}},"loc":{"start":{"line":23,"column":31},"end":{"line":26,"column":3}},"line":23},"4":{"name":"(anonymous_4)","decl":{"start":{"line":28,"column":2},"end":{"line":28,"column":3}},"loc":{"start":{"line":28,"column":8},"end":{"line":43,"column":3}},"line":28},"5":{"name":"(anonymous_5)","decl":{"start":{"line":29,"column":11},"end":{"line":29,"column":12}},"loc":{"start":{"line":29,"column":20},"end":{"line":42,"column":5}},"line":29},"6":{"name":"(anonymous_6)","decl":{"start":{"line":46,"column":18},"end":{"line":46,"column":19}},"loc":{"start":{"line":46,"column":24},"end":{"line":46,"column":39}},"line":46}},"branchMap":{"0":{"loc":{"start":{"line":13,"column":4},"end":{"line":15,"column":23}},"type":"if","locations":[{"start":{"line":13,"column":4},"end":{"line":15,"column":23}},{"start":{"line":13,"column":4},"end":{"line":15,"column":23}}],"line":13},"1":{"loc":{"start":{"line":30,"column":6},"end":{"line":41,"column":7}},"type":"if","locations":[{"start":{"line":30,"column":6},"end":{"line":41,"column":7}},{"start":{"line":30,"column":6},"end":{"line":41,"column":7}}],"line":30},"2":{"loc":{"start":{"line":36,"column":10},"end":{"line":38,"column":11}},"type":"if","locations":[{"start":{"line":36,"column":10},"end":{"line":38,"column":11}},{"start":{"line":36,"column":10},"end":{"line":38,"column":11}}],"line":36}},"s":{"0":18,"1":18,"2":2,"3":1,"4":1,"5":3,"6":3,"7":3,"8":3,"9":6,"10":5,"11":1,"12":4,"13":4,"14":4,"15":10,"16":10,"17":2,"18":4,"19":1,"20":18},"f":{"0":18,"1":2,"2":3,"3":3,"4":6,"5":5,"6":18},"b":{"0":[1,1],"1":[1,4],"2":[2,8]},"_coverageSchema":"43e27e138ebf9cfc5966b082cf9a028302ed4184","hash":"15c3ee1f2e2d8191c6aa5c56253ca3fb153d2325"}
}
