TN:
SF:D:\Tushar\BDS-Reloaded\vuetify-validator\validators\strings.js
FN:1,(anonymous_0)
FN:5,(anonymous_1)
FN:14,(anonymous_2)
FN:15,(anonymous_3)
FNF:4
FNH:4
FNDA:5,(anonymous_0)
FNDA:4,(anonymous_1)
FNDA:4,(anonymous_2)
FNDA:3,(anonymous_3)
DA:1,1
DA:2,5
DA:3,4
DA:5,5
DA:6,4
DA:7,3
DA:9,1
DA:14,1
DA:15,4
DA:16,3
LF:10
LH:10
BRDA:2,0,0,4
BRDA:2,0,1,1
BRDA:6,1,0,3
BRDA:6,1,1,1
BRDA:7,2,0,3
BRDA:7,2,1,2
BRDA:14,3,0,3
BRDA:16,4,0,3
BRDA:16,4,1,2
BRF:9
BRH:9
end_of_record
TN:
SF:D:\Tushar\BDS-Reloaded\vuetify-validator\validators\validator.js
FN:7,(anonymous_0)
FN:12,(anonymous_1)
FN:18,(anonymous_2)
FN:23,(anonymous_3)
FN:28,(anonymous_4)
FN:29,(anonymous_5)
FN:46,(anonymous_6)
FNF:7
FNH:7
FNDA:18,(anonymous_0)
FNDA:2,(anonymous_1)
FNDA:3,(anonymous_2)
FNDA:3,(anonymous_3)
FNDA:6,(anonymous_4)
FNDA:5,(anonymous_5)
FNDA:18,(anonymous_6)
DA:8,18
DA:9,18
DA:13,2
DA:14,1
DA:15,1
DA:19,3
DA:20,3
DA:24,3
DA:25,3
DA:29,6
DA:30,5
DA:31,1
DA:33,4
DA:34,4
DA:35,10
DA:36,10
DA:37,2
DA:40,4
DA:46,18
LF:19
LH:19
BRDA:13,0,0,1
BRDA:13,0,1,1
BRDA:30,1,0,1
BRDA:30,1,1,4
BRDA:36,2,0,2
BRDA:36,2,1,8
BRF:6
BRH:6
end_of_record
